mode: set
github.com/bala-mu/scratchpad/genericds/binarysearch.go:10.21,12.22 2 1
github.com/bala-mu/scratchpad/genericds/binarysearch.go:27.5,27.19 1 1
github.com/bala-mu/scratchpad/genericds/binarysearch.go:12.22,15.28 3 1
github.com/bala-mu/scratchpad/genericds/binarysearch.go:18.8,18.15 1 1
github.com/bala-mu/scratchpad/genericds/binarysearch.go:15.28,17.9 1 1
github.com/bala-mu/scratchpad/genericds/binarysearch.go:19.36,20.21 1 1
github.com/bala-mu/scratchpad/genericds/binarysearch.go:21.36,22.23 1 1
github.com/bala-mu/scratchpad/genericds/binarysearch.go:23.16,24.25 1 1
github.com/bala-mu/scratchpad/genericds/binarytree.go:26.68,28.18 2 1
github.com/bala-mu/scratchpad/genericds/binarytree.go:34.2,34.17 1 1
github.com/bala-mu/scratchpad/genericds/binarytree.go:40.2,40.12 1 1
github.com/bala-mu/scratchpad/genericds/binarytree.go:28.18,30.20 2 1
github.com/bala-mu/scratchpad/genericds/binarytree.go:30.20,32.4 1 1
github.com/bala-mu/scratchpad/genericds/binarytree.go:34.17,36.20 2 1
github.com/bala-mu/scratchpad/genericds/binarytree.go:36.20,38.4 1 1
github.com/bala-mu/scratchpad/genericds/binarytree.go:43.50,44.20 1 1
github.com/bala-mu/scratchpad/genericds/binarytree.go:47.2,47.12 1 1
github.com/bala-mu/scratchpad/genericds/binarytree.go:44.20,46.3 1 1
github.com/bala-mu/scratchpad/genericds/binarytree.go:50.49,51.19 1 1
github.com/bala-mu/scratchpad/genericds/binarytree.go:54.2,54.12 1 1
github.com/bala-mu/scratchpad/genericds/binarytree.go:51.19,53.3 1 1
github.com/bala-mu/scratchpad/genericds/binarytree.go:58.50,60.2 1 1
github.com/bala-mu/scratchpad/genericds/binarytree.go:62.67,66.20 4 1
github.com/bala-mu/scratchpad/genericds/binarytree.go:70.2,70.26 1 1
github.com/bala-mu/scratchpad/genericds/binarytree.go:75.2,75.24 1 1
github.com/bala-mu/scratchpad/genericds/binarytree.go:66.20,69.3 2 1
github.com/bala-mu/scratchpad/genericds/binarytree.go:70.26,73.3 2 1
github.com/bala-mu/scratchpad/genericds/binarytree.go:78.66,81.27 2 1
github.com/bala-mu/scratchpad/genericds/binarytree.go:85.2,88.26 3 1
github.com/bala-mu/scratchpad/genericds/binarytree.go:92.2,92.24 1 1
github.com/bala-mu/scratchpad/genericds/binarytree.go:81.27,84.3 2 1
github.com/bala-mu/scratchpad/genericds/binarytree.go:88.26,91.3 2 1
github.com/bala-mu/scratchpad/genericds/binarytree.go:95.68,98.27 2 1
github.com/bala-mu/scratchpad/genericds/binarytree.go:103.2,103.26 1 1
github.com/bala-mu/scratchpad/genericds/binarytree.go:108.2,111.24 3 1
github.com/bala-mu/scratchpad/genericds/binarytree.go:98.27,101.3 2 1
github.com/bala-mu/scratchpad/genericds/binarytree.go:103.26,106.3 2 1
