mode: set
github.com/bala-mu/scratchpad/genericds/binarysearch.go:10.21,12.22 2 1
github.com/bala-mu/scratchpad/genericds/binarysearch.go:27.5,27.19 1 1
github.com/bala-mu/scratchpad/genericds/binarysearch.go:12.22,15.28 3 1
github.com/bala-mu/scratchpad/genericds/binarysearch.go:18.8,18.15 1 1
github.com/bala-mu/scratchpad/genericds/binarysearch.go:15.28,17.9 1 1
github.com/bala-mu/scratchpad/genericds/binarysearch.go:19.36,20.21 1 1
github.com/bala-mu/scratchpad/genericds/binarysearch.go:21.36,22.23 1 1
github.com/bala-mu/scratchpad/genericds/binarysearch.go:23.16,24.25 1 1
github.com/bala-mu/scratchpad/genericds/binarysearchtree.go:35.74,37.2 1 1
github.com/bala-mu/scratchpad/genericds/binarysearchtree.go:39.70,40.22 1 1
github.com/bala-mu/scratchpad/genericds/binarysearchtree.go:43.2,43.28 1 1
github.com/bala-mu/scratchpad/genericds/binarysearchtree.go:47.2,50.21 3 1
github.com/bala-mu/scratchpad/genericds/binarysearchtree.go:62.2,62.20 1 1
github.com/bala-mu/scratchpad/genericds/binarysearchtree.go:40.22,42.3 1 1
github.com/bala-mu/scratchpad/genericds/binarysearchtree.go:43.28,45.3 1 1
github.com/bala-mu/scratchpad/genericds/binarysearchtree.go:50.21,53.17 3 1
github.com/bala-mu/scratchpad/genericds/binarysearchtree.go:56.3,56.26 1 1
github.com/bala-mu/scratchpad/genericds/binarysearchtree.go:53.17,55.4 1 1
github.com/bala-mu/scratchpad/genericds/binarysearchtree.go:56.26,58.4 1 1
github.com/bala-mu/scratchpad/genericds/binarysearchtree.go:58.9,60.4 1 1
github.com/bala-mu/scratchpad/genericds/binarysearchtree.go:65.71,67.16 2 1
github.com/bala-mu/scratchpad/genericds/binarysearchtree.go:70.2,71.19 2 1
github.com/bala-mu/scratchpad/genericds/binarysearchtree.go:76.2,77.17 2 1
github.com/bala-mu/scratchpad/genericds/binarysearchtree.go:82.2,82.18 1 1
github.com/bala-mu/scratchpad/genericds/binarysearchtree.go:67.16,69.3 1 1
github.com/bala-mu/scratchpad/genericds/binarysearchtree.go:71.19,74.3 2 1
github.com/bala-mu/scratchpad/genericds/binarysearchtree.go:77.17,79.3 1 1
github.com/bala-mu/scratchpad/genericds/binarysearchtree.go:79.8,81.3 1 1
github.com/bala-mu/scratchpad/genericds/binarysearchtree.go:85.60,86.48 1 1
github.com/bala-mu/scratchpad/genericds/binarysearchtree.go:90.2,92.21 2 1
github.com/bala-mu/scratchpad/genericds/binarysearchtree.go:107.2,107.19 1 1
github.com/bala-mu/scratchpad/genericds/binarysearchtree.go:86.48,88.3 1 1
github.com/bala-mu/scratchpad/genericds/binarysearchtree.go:92.21,95.17 2 1
github.com/bala-mu/scratchpad/genericds/binarysearchtree.go:98.3,98.27 1 1
github.com/bala-mu/scratchpad/genericds/binarysearchtree.go:101.3,101.26 1 1
github.com/bala-mu/scratchpad/genericds/binarysearchtree.go:95.17,97.4 1 1
github.com/bala-mu/scratchpad/genericds/binarysearchtree.go:98.27,100.4 1 1
github.com/bala-mu/scratchpad/genericds/binarysearchtree.go:101.26,103.4 1 1
github.com/bala-mu/scratchpad/genericds/binarysearchtree.go:103.9,105.4 1 1
github.com/bala-mu/scratchpad/genericds/binarysearchtree.go:111.52,112.21 1 1
github.com/bala-mu/scratchpad/genericds/binarysearchtree.go:116.2,118.13 3 1
github.com/bala-mu/scratchpad/genericds/binarysearchtree.go:122.2,122.13 1 1
github.com/bala-mu/scratchpad/genericds/binarysearchtree.go:112.21,114.3 1 1
github.com/bala-mu/scratchpad/genericds/binarysearchtree.go:118.13,121.3 2 1
github.com/bala-mu/scratchpad/genericds/binarysearchtree.go:125.62,126.19 1 1
github.com/bala-mu/scratchpad/genericds/binarysearchtree.go:126.19,129.3 1 1
github.com/bala-mu/scratchpad/genericds/binarysearchtree.go:129.8,131.3 1 1
github.com/bala-mu/scratchpad/genericds/binarysearchtree.go:134.29,135.19 1 1
github.com/bala-mu/scratchpad/genericds/binarysearchtree.go:138.2,139.46 2 1
github.com/bala-mu/scratchpad/genericds/binarysearchtree.go:142.2,142.37 1 1
github.com/bala-mu/scratchpad/genericds/binarysearchtree.go:135.19,137.3 1 1
github.com/bala-mu/scratchpad/genericds/binarysearchtree.go:139.46,141.3 1 1
github.com/bala-mu/scratchpad/genericds/binarysearchtree.go:146.64,147.19 1 1
github.com/bala-mu/scratchpad/genericds/binarysearchtree.go:147.19,149.3 1 1
github.com/bala-mu/scratchpad/genericds/binarysearchtree.go:149.8,151.3 1 1
github.com/bala-mu/scratchpad/genericds/binarysearchtree.go:154.62,157.19 2 1
github.com/bala-mu/scratchpad/genericds/binarysearchtree.go:161.2,161.20 1 1
github.com/bala-mu/scratchpad/genericds/binarysearchtree.go:157.19,160.3 1 1
github.com/bala-mu/scratchpad/genericds/binarysearchtree.go:161.20,164.3 1 1
github.com/bala-mu/scratchpad/genericds/binarysearchtree.go:167.64,168.19 1 1
github.com/bala-mu/scratchpad/genericds/binarysearchtree.go:171.2,172.20 2 1
github.com/bala-mu/scratchpad/genericds/binarysearchtree.go:168.19,170.3 1 1
github.com/bala-mu/scratchpad/genericds/binarysearchtree.go:172.20,174.3 1 1
github.com/bala-mu/scratchpad/genericds/binarysearchtree.go:177.31,178.19 1 1
github.com/bala-mu/scratchpad/genericds/binarysearchtree.go:181.2,181.23 1 1
github.com/bala-mu/scratchpad/genericds/binarysearchtree.go:178.19,180.3 1 1
github.com/bala-mu/scratchpad/genericds/binarysearchtree.go:184.31,186.19 2 1
github.com/bala-mu/scratchpad/genericds/binarysearchtree.go:189.2,189.20 1 1
github.com/bala-mu/scratchpad/genericds/binarysearchtree.go:192.2,192.11 1 1
github.com/bala-mu/scratchpad/genericds/binarysearchtree.go:186.19,188.3 1 1
github.com/bala-mu/scratchpad/genericds/binarysearchtree.go:189.20,191.3 1 1
github.com/bala-mu/scratchpad/genericds/binarysearchtree.go:192.11,194.3 1 1
github.com/bala-mu/scratchpad/genericds/binarysearchtree.go:194.8,196.3 1 1
github.com/bala-mu/scratchpad/genericds/binarytree.go:24.68,26.18 2 1
github.com/bala-mu/scratchpad/genericds/binarytree.go:32.2,32.17 1 1
github.com/bala-mu/scratchpad/genericds/binarytree.go:38.2,38.12 1 1
github.com/bala-mu/scratchpad/genericds/binarytree.go:26.18,28.20 2 1
github.com/bala-mu/scratchpad/genericds/binarytree.go:28.20,30.4 1 1
github.com/bala-mu/scratchpad/genericds/binarytree.go:32.17,34.20 2 1
github.com/bala-mu/scratchpad/genericds/binarytree.go:34.20,36.4 1 1
github.com/bala-mu/scratchpad/genericds/binarytree.go:41.50,42.20 1 1
github.com/bala-mu/scratchpad/genericds/binarytree.go:45.2,45.12 1 1
github.com/bala-mu/scratchpad/genericds/binarytree.go:42.20,44.3 1 1
github.com/bala-mu/scratchpad/genericds/binarytree.go:48.49,49.19 1 1
github.com/bala-mu/scratchpad/genericds/binarytree.go:52.2,52.12 1 1
github.com/bala-mu/scratchpad/genericds/binarytree.go:49.19,51.3 1 1
github.com/bala-mu/scratchpad/genericds/binarytree.go:56.50,58.2 1 1
github.com/bala-mu/scratchpad/genericds/binarytree.go:60.60,62.20 2 1
github.com/bala-mu/scratchpad/genericds/binarytree.go:65.2,65.26 1 1
github.com/bala-mu/scratchpad/genericds/binarytree.go:62.20,64.3 1 1
github.com/bala-mu/scratchpad/genericds/binarytree.go:65.26,67.3 1 1
github.com/bala-mu/scratchpad/genericds/binarytree.go:70.59,72.27 1 1
github.com/bala-mu/scratchpad/genericds/binarytree.go:75.2,77.26 2 1
github.com/bala-mu/scratchpad/genericds/binarytree.go:72.27,74.3 1 1
github.com/bala-mu/scratchpad/genericds/binarytree.go:77.26,79.3 1 1
github.com/bala-mu/scratchpad/genericds/binarytree.go:82.61,84.27 1 1
github.com/bala-mu/scratchpad/genericds/binarytree.go:87.2,87.26 1 1
github.com/bala-mu/scratchpad/genericds/binarytree.go:90.2,90.18 1 1
github.com/bala-mu/scratchpad/genericds/binarytree.go:84.27,86.3 1 1
github.com/bala-mu/scratchpad/genericds/binarytree.go:87.26,89.3 1 1
